# JRE version: Java(TM) SE Runtime Environment (8.0_45-b15) (build 1.8.0_45-b15)
# Java VM: Java HotSpot(TM) 64-Bit Server VM (25.45-b02 mixed mode windows-amd64 compressed oops)
Heap:
 PSYoungGen      total 208384K, used 157081K [0x00000000eab00000, 0x00000000f9c00000, 0x0000000100000000)
  eden space 186880K, 72% used [0x00000000eab00000,0x00000000f2f68de8,0x00000000f6180000)
  from space 21504K, 99% used [0x00000000f7c00000,0x00000000f90fd908,0x00000000f9100000)
  to   space 27136K, 0% used [0x00000000f6180000,0x00000000f6180000,0x00000000f7c00000)
 ParOldGen       total 64512K, used 36451K [0x00000000c0000000, 0x00000000c3f00000, 0x00000000eab00000)
  object space 64512K, 56% used [0x00000000c0000000,0x00000000c2398c70,0x00000000c3f00000)
 Metaspace       used 6756K, capacity 7512K, committed 7680K, reserved 1056768K
  class space    used 625K, capacity 656K, committed 768K, reserved 1048576K
GC Heap History (10 events):
Event: 15.415 GC heap before
{Heap before GC invocations=4 (full 0):
 PSYoungGen      total 28160K, used 28135K [0x00000000eab00000, 0x00000000ee200000, 0x0000000100000000)
  eden space 24576K, 100% used [0x00000000eab00000,0x00000000ec300000,0x00000000ec300000)
  from space 3584K, 99% used [0x00000000ec300000,0x00000000ec679c78,0x00000000ec680000)
  to   space 3584K, 0% used [0x00000000ede80000,0x00000000ede80000,0x00000000ee200000)
 ParOldGen       total 64512K, used 8365K [0x00000000c0000000, 0x00000000c3f00000, 0x00000000eab00000)
  object space 64512K, 12% used [0x00000000c0000000,0x00000000c082b700,0x00000000c3f00000)
 Metaspace       used 6130K, capacity 7024K, committed 7296K, reserved 1056768K
  class space    used 584K, capacity 616K, committed 640K, reserved 1048576K
Event: 15.473 GC heap after
Heap after GC invocations=4 (full 0):
 PSYoungGen      total 52736K, used 3552K [0x00000000eab00000, 0x00000000ee200000, 0x0000000100000000)
  eden space 49152K, 0% used [0x00000000eab00000,0x00000000eab00000,0x00000000edb00000)
  from space 3584K, 99% used [0x00000000ede80000,0x00000000ee1f8010,0x00000000ee200000)
  to   space 3584K, 0% used [0x00000000edb00000,0x00000000edb00000,0x00000000ede80000)
 ParOldGen       total 64512K, used 12970K [0x00000000c0000000, 0x00000000c3f00000, 0x00000000eab00000)
  object space 64512K, 20% used [0x00000000c0000000,0x00000000c0caaac8,0x00000000c3f00000)
 Metaspace       used 6130K, capacity 7024K, committed 7296K, reserved 1056768K
  class space    used 584K, capacity 616K, committed 640K, reserved 1048576K
}
Event: 16.260 GC heap before
{Heap before GC invocations=5 (full 0):
 PSYoungGen      total 52736K, used 52704K [0x00000000eab00000, 0x00000000ee200000, 0x0000000100000000)
  eden space 49152K, 100% used [0x00000000eab00000,0x00000000edb00000,0x00000000edb00000)
  from space 3584K, 99% used [0x00000000ede80000,0x00000000ee1f8010,0x00000000ee200000)
  to   space 3584K, 0% used [0x00000000edb00000,0x00000000edb00000,0x00000000ede80000)
 ParOldGen       total 64512K, used 12970K [0x00000000c0000000, 0x00000000c3f00000, 0x00000000eab00000)
  object space 64512K, 20% used [0x00000000c0000000,0x00000000c0caaac8,0x00000000c3f00000)
 Metaspace       used 6249K, capacity 7128K, committed 7424K, reserved 1056768K
  class space    used 604K, capacity 656K, committed 768K, reserved 1048576K
Event: 16.325 GC heap after
Heap after GC invocations=5 (full 0):
 PSYoungGen      total 52736K, used 3552K [0x00000000eab00000, 0x00000000f2300000, 0x0000000100000000)
  eden space 49152K, 0% used [0x00000000eab00000,0x00000000eab00000,0x00000000edb00000)
  from space 3584K, 99% used [0x00000000edb00000,0x00000000ede78030,0x00000000ede80000)
  to   space 12288K, 0% used [0x00000000f1700000,0x00000000f1700000,0x00000000f2300000)
 ParOldGen       total 64512K, used 21061K [0x00000000c0000000, 0x00000000c3f00000, 0x00000000eab00000)
  object space 64512K, 32% used [0x00000000c0000000,0x00000000c1491478,0x00000000c3f00000)
 Metaspace       used 6249K, capacity 7128K, committed 7424K, reserved 1056768K
  class space    used 604K, capacity 656K, committed 768K, reserved 1048576K
}
Event: 17.017 GC heap before
{Heap before GC invocations=6 (full 0):
 PSYoungGen      total 52736K, used 52704K [0x00000000eab00000, 0x00000000f2300000, 0x0000000100000000)
  eden space 49152K, 100% used [0x00000000eab00000,0x00000000edb00000,0x00000000edb00000)
  from space 3584K, 99% used [0x00000000edb00000,0x00000000ede78030,0x00000000ede80000)
  to   space 12288K, 0% used [0x00000000f1700000,0x00000000f1700000,0x00000000f2300000)
 ParOldGen       total 64512K, used 21061K [0x00000000c0000000, 0x00000000c3f00000, 0x00000000eab00000)
  object space 64512K, 32% used [0x00000000c0000000,0x00000000c1491478,0x00000000c3f00000)
 Metaspace       used 6275K, capacity 7128K, committed 7424K, reserved 1056768K
  class space    used 605K, capacity 656K, committed 768K, reserved 1048576K
Event: 17.314 GC heap after
Heap after GC invocations=6 (full 0):
 PSYoungGen      total 108544K, used 12281K [0x00000000eab00000, 0x00000000f2700000, 0x0000000100000000)
  eden space 96256K, 0% used [0x00000000eab00000,0x00000000eab00000,0x00000000f0900000)
  from space 12288K, 99% used [0x00000000f1700000,0x00000000f22fe640,0x00000000f2300000)
  to   space 14336K, 0% used [0x00000000f0900000,0x00000000f0900000,0x00000000f1700000)
 ParOldGen       total 64512K, used 21650K [0x00000000c0000000, 0x00000000c3f00000, 0x00000000eab00000)
  object space 64512K, 33% used [0x00000000c0000000,0x00000000c1524a08,0x00000000c3f00000)
 Metaspace       used 6275K, capacity 7128K, committed 7424K, reserved 1056768K
  class space    used 605K, capacity 656K, committed 768K, reserved 1048576K
}
Event: 18.624 GC heap before
{Heap before GC invocations=7 (full 0):
 PSYoungGen      total 108544K, used 108537K [0x00000000eab00000, 0x00000000f2700000, 0x0000000100000000)
  eden space 96256K, 100% used [0x00000000eab00000,0x00000000f0900000,0x00000000f0900000)
  from space 12288K, 99% used [0x00000000f1700000,0x00000000f22fe640,0x00000000f2300000)
  to   space 14336K, 0% used [0x00000000f0900000,0x00000000f0900000,0x00000000f1700000)
 ParOldGen       total 64512K, used 21650K [0x00000000c0000000, 0x00000000c3f00000, 0x00000000eab00000)
  object space 64512K, 33% used [0x00000000c0000000,0x00000000c1524a08,0x00000000c3f00000)
 Metaspace       used 6326K, capacity 7128K, committed 7424K, reserved 1056768K
  class space    used 605K, capacity 656K, committed 768K, reserved 1048576K
Event: 18.825 GC heap after
Heap after GC invocations=7 (full 0):
 PSYoungGen      total 110592K, used 14320K [0x00000000eab00000, 0x00000000f9100000, 0x0000000100000000)
  eden space 96256K, 0% used [0x00000000eab00000,0x00000000eab00000,0x00000000f0900000)
  from space 14336K, 99% used [0x00000000f0900000,0x00000000f16fc3f8,0x00000000f1700000)
  to   space 21504K, 0% used [0x00000000f7c00000,0x00000000f7c00000,0x00000000f9100000)
 ParOldGen       total 64512K, used 31674K [0x00000000c0000000, 0x00000000c3f00000, 0x00000000eab00000)
  object space 64512K, 49% used [0x00000000c0000000,0x00000000c1eeeae0,0x00000000c3f00000)
 Metaspace       used 6326K, capacity 7128K, committed 7424K, reserved 1056768K
  class space    used 605K, capacity 656K, committed 768K, reserved 1048576K
}
Event: 20.406 GC heap before
{Heap before GC invocations=8 (full 0):
 PSYoungGen      total 110592K, used 110576K [0x00000000eab00000, 0x00000000f9100000, 0x0000000100000000)
  eden space 96256K, 100% used [0x00000000eab00000,0x00000000f0900000,0x00000000f0900000)
  from space 14336K, 99% used [0x00000000f0900000,0x00000000f16fc3f8,0x00000000f1700000)
  to   space 21504K, 0% used [0x00000000f7c00000,0x00000000f7c00000,0x00000000f9100000)
 ParOldGen       total 64512K, used 31674K [0x00000000c0000000, 0x00000000c3f00000, 0x00000000eab00000)
  object space 64512K, 49% used [0x00000000c0000000,0x00000000c1eeeae0,0x00000000c3f00000)
 Metaspace       used 6369K, capacity 7192K, committed 7424K, reserved 1056768K
  class space    used 605K, capacity 656K, committed 768K, reserved 1048576K
Event: 20.625 GC heap after
Heap after GC invocations=8 (full 0):
 PSYoungGen      total 208384K, used 21494K [0x00000000eab00000, 0x00000000f9c00000, 0x0000000100000000)
  eden space 186880K, 0% used [0x00000000eab00000,0x00000000eab00000,0x00000000f6180000)
  from space 21504K, 99% used [0x00000000f7c00000,0x00000000f90fd908,0x00000000f9100000)
  to   space 27136K, 0% used [0x00000000f6180000,0x00000000f6180000,0x00000000f7c00000)
 ParOldGen       total 64512K, used 36451K [0x00000000c0000000, 0x00000000c3f00000, 0x00000000eab00000)
  object space 64512K, 56% used [0x00000000c0000000,0x00000000c2398c70,0x00000000c3f00000)
 Metaspace       used 6369K, capacity 7192K, committed 7424K, reserved 1056768K
  class space    used 605K, capacity 656K, committed 768K, reserved 1048576K
}

