# JRE version: Java(TM) SE Runtime Environment (8.0_45-b15) (build 1.8.0_45-b15)
# Java VM: Java HotSpot(TM) 64-Bit Server VM (25.45-b02 mixed mode windows-amd64 compressed oops)
Heap:
 PSYoungGen      total 276480K, used 3652K [0x00000000eab00000, 0x0000000100000000, 0x0000000100000000)
  eden space 203776K, 1% used [0x00000000eab00000,0x00000000eae91188,0x00000000f7200000)
  from space 72704K, 0% used [0x00000000f7200000,0x00000000f7200000,0x00000000fb900000)
  to   space 70144K, 0% used [0x00000000fbb80000,0x00000000fbb80000,0x0000000100000000)
 ParOldGen       total 198656K, used 195281K [0x00000000c0000000, 0x00000000cc200000, 0x00000000eab00000)
  object space 198656K, 98% used [0x00000000c0000000,0x00000000cbeb44a8,0x00000000cc200000)
 Metaspace       used 6822K, capacity 7512K, committed 7680K, reserved 1056768K
  class space    used 629K, capacity 656K, committed 768K, reserved 1048576K
GC Heap History (10 events):
Event: 45.159 GC heap before
{Heap before GC invocations=12 (full 2):
 PSYoungGen      total 278016K, used 53633K [0x00000000eab00000, 0x0000000100000000, 0x0000000100000000)
  eden space 224256K, 0% used [0x00000000eab00000,0x00000000eab00000,0x00000000f8600000)
  from space 53760K, 99% used [0x00000000fcb80000,0x00000000fffe05d8,0x0000000100000000)
  to   space 62464K, 0% used [0x00000000f8600000,0x00000000f8600000,0x00000000fc300000)
 ParOldGen       total 118272K, used 99629K [0x00000000c0000000, 0x00000000c7380000, 0x00000000eab00000)
  object space 118272K, 84% used [0x00000000c0000000,0x00000000c614b438,0x00000000c7380000)
 Metaspace       used 6472K, capacity 7256K, committed 7424K, reserved 1056768K
  class space    used 610K, capacity 656K, committed 768K, reserved 1048576K
Event: 50.502 GC heap after
Heap after GC invocations=12 (full 2):
 PSYoungGen      total 278016K, used 19663K [0x00000000eab00000, 0x0000000100000000, 0x0000000100000000)
  eden space 224256K, 0% used [0x00000000eab00000,0x00000000eab00000,0x00000000f8600000)
  from space 53760K, 36% used [0x00000000fcb80000,0x00000000fdeb3df0,0x0000000100000000)
  to   space 62464K, 0% used [0x00000000f8600000,0x00000000f8600000,0x00000000fc300000)
 ParOldGen       total 192512K, used 117786K [0x00000000c0000000, 0x00000000cbc00000, 0x00000000eab00000)
  object space 192512K, 61% used [0x00000000c0000000,0x00000000c7306910,0x00000000cbc00000)
 Metaspace       used 6472K, capacity 7256K, committed 7424K, reserved 1056768K
  class space    used 610K, capacity 656K, committed 768K, reserved 1048576K
}
Event: 52.911 GC heap before
{Heap before GC invocations=13 (full 2):
 PSYoungGen      total 278016K, used 243919K [0x00000000eab00000, 0x0000000100000000, 0x0000000100000000)
  eden space 224256K, 100% used [0x00000000eab00000,0x00000000f8600000,0x00000000f8600000)
  from space 53760K, 36% used [0x00000000fcb80000,0x00000000fdeb3df0,0x0000000100000000)
  to   space 62464K, 0% used [0x00000000f8600000,0x00000000f8600000,0x00000000fc300000)
 ParOldGen       total 192512K, used 117786K [0x00000000c0000000, 0x00000000cbc00000, 0x00000000eab00000)
  object space 192512K, 61% used [0x00000000c0000000,0x00000000c7306910,0x00000000cbc00000)
 Metaspace       used 6482K, capacity 7256K, committed 7424K, reserved 1056768K
  class space    used 610K, capacity 656K, committed 768K, reserved 1048576K
Event: 53.220 GC heap after
Heap after GC invocations=13 (full 2):
 PSYoungGen      total 286720K, used 31519K [0x00000000eab00000, 0x0000000100000000, 0x0000000100000000)
  eden space 224256K, 0% used [0x00000000eab00000,0x00000000eab00000,0x00000000f8600000)
  from space 62464K, 50% used [0x00000000f8600000,0x00000000fa4c7dc8,0x00000000fc300000)
  to   space 61440K, 0% used [0x00000000fc400000,0x00000000fc400000,0x0000000100000000)
 ParOldGen       total 192512K, used 137217K [0x00000000c0000000, 0x00000000cbc00000, 0x00000000eab00000)
  object space 192512K, 71% used [0x00000000c0000000,0x00000000c8600768,0x00000000cbc00000)
 Metaspace       used 6482K, capacity 7256K, committed 7424K, reserved 1056768K
  class space    used 610K, capacity 656K, committed 768K, reserved 1048576K
}
Event: 55.570 GC heap before
{Heap before GC invocations=14 (full 2):
 PSYoungGen      total 286720K, used 255775K [0x00000000eab00000, 0x0000000100000000, 0x0000000100000000)
  eden space 224256K, 100% used [0x00000000eab00000,0x00000000f8600000,0x00000000f8600000)
  from space 62464K, 50% used [0x00000000f8600000,0x00000000fa4c7dc8,0x00000000fc300000)
  to   space 61440K, 0% used [0x00000000fc400000,0x00000000fc400000,0x0000000100000000)
 ParOldGen       total 192512K, used 137217K [0x00000000c0000000, 0x00000000cbc00000, 0x00000000eab00000)
  object space 192512K, 71% used [0x00000000c0000000,0x00000000c8600768,0x00000000cbc00000)
 Metaspace       used 6492K, capacity 7256K, committed 7424K, reserved 1056768K
  class space    used 611K, capacity 656K, committed 768K, reserved 1048576K
Event: 55.929 GC heap after
Heap after GC invocations=14 (full 2):
 PSYoungGen      total 265216K, used 61433K [0x00000000eab00000, 0x0000000100000000, 0x0000000100000000)
  eden space 203776K, 0% used [0x00000000eab00000,0x00000000eab00000,0x00000000f7200000)
  from space 61440K, 99% used [0x00000000fc400000,0x00000000ffffe748,0x0000000100000000)
  to   space 72704K, 0% used [0x00000000f7200000,0x00000000f7200000,0x00000000fb900000)
 ParOldGen       total 192512K, used 140787K [0x00000000c0000000, 0x00000000cbc00000, 0x00000000eab00000)
  object space 192512K, 73% used [0x00000000c0000000,0x00000000c897cdf0,0x00000000cbc00000)
 Metaspace       used 6492K, capacity 7256K, committed 7424K, reserved 1056768K
  class space    used 611K, capacity 656K, committed 768K, reserved 1048576K
}
Event: 66.735 GC heap before
{Heap before GC invocations=15 (full 2):
 PSYoungGen      total 265216K, used 265209K [0x00000000eab00000, 0x0000000100000000, 0x0000000100000000)
  eden space 203776K, 100% used [0x00000000eab00000,0x00000000f7200000,0x00000000f7200000)
  from space 61440K, 99% used [0x00000000fc400000,0x00000000ffffe748,0x0000000100000000)
  to   space 72704K, 0% used [0x00000000f7200000,0x00000000f7200000,0x00000000fb900000)
 ParOldGen       total 192512K, used 140787K [0x00000000c0000000, 0x00000000cbc00000, 0x00000000eab00000)
  object space 192512K, 73% used [0x00000000c0000000,0x00000000c897cdf0,0x00000000cbc00000)
 Metaspace       used 6819K, capacity 7512K, committed 7680K, reserved 1056768K
  class space    used 629K, capacity 656K, committed 768K, reserved 1048576K
Event: 67.640 GC heap after
Heap after GC invocations=15 (full 2):
 PSYoungGen      total 276480K, used 34189K [0x00000000eab00000, 0x0000000100000000, 0x0000000100000000)
  eden space 203776K, 0% used [0x00000000eab00000,0x00000000eab00000,0x00000000f7200000)
  from space 72704K, 47% used [0x00000000f7200000,0x00000000f9363788,0x00000000fb900000)
  to   space 70144K, 0% used [0x00000000fbb80000,0x00000000fbb80000,0x0000000100000000)
 ParOldGen       total 198656K, used 198407K [0x00000000c0000000, 0x00000000cc200000, 0x00000000eab00000)
  object space 198656K, 99% used [0x00000000c0000000,0x00000000cc1c1e80,0x00000000cc200000)
 Metaspace       used 6819K, capacity 7512K, committed 7680K, reserved 1056768K
  class space    used 629K, capacity 656K, committed 768K, reserved 1048576K
}
Event: 67.640 GC heap before
{Heap before GC invocations=16 (full 3):
 PSYoungGen      total 276480K, used 34189K [0x00000000eab00000, 0x0000000100000000, 0x0000000100000000)
  eden space 203776K, 0% used [0x00000000eab00000,0x00000000eab00000,0x00000000f7200000)
  from space 72704K, 47% used [0x00000000f7200000,0x00000000f9363788,0x00000000fb900000)
  to   space 70144K, 0% used [0x00000000fbb80000,0x00000000fbb80000,0x0000000100000000)
 ParOldGen       total 198656K, used 198407K [0x00000000c0000000, 0x00000000cc200000, 0x00000000eab00000)
  object space 198656K, 99% used [0x00000000c0000000,0x00000000cc1c1e80,0x00000000cc200000)
 Metaspace       used 6819K, capacity 7512K, committed 7680K, reserved 1056768K
  class space    used 629K, capacity 656K, committed 768K, reserved 1048576K
Event: 81.165 GC heap after
Heap after GC invocations=16 (full 3):
 PSYoungGen      total 276480K, used 0K [0x00000000eab00000, 0x0000000100000000, 0x0000000100000000)
  eden space 203776K, 0% used [0x00000000eab00000,0x00000000eab00000,0x00000000f7200000)
  from space 72704K, 0% used [0x00000000f7200000,0x00000000f7200000,0x00000000fb900000)
  to   space 70144K, 0% used [0x00000000fbb80000,0x00000000fbb80000,0x0000000100000000)
 ParOldGen       total 198656K, used 195281K [0x00000000c0000000, 0x00000000cc200000, 0x00000000eab00000)
  object space 198656K, 98% used [0x00000000c0000000,0x00000000cbeb44a8,0x00000000cc200000)
 Metaspace       used 6819K, capacity 7512K, committed 7680K, reserved 1056768K
  class space    used 629K, capacity 656K, committed 768K, reserved 1048576K
}

